# JRE version: OpenJDK Runtime Environment Temurin-21.0.5+11 (21.0.5+11) (build 21.0.5+11-LTS)
# Java VM: OpenJDK 64-Bit Server VM Temurin-21.0.5+11 (21.0.5+11-LTS, mixed mode, sharing, tiered, compressed oops, compressed class ptrs, parallel gc, linux-amd64)
GC Precious Log:
 CardTable entry size: 512
 CPUs: 12 total, 12 available
 Memory: 7630M
 Large Page Support: Disabled
 NUMA Support: Disabled
 Compressed Oops: Enabled (32-bit)
 Alignments: Space 512K, Generation 512K, Heap 2M
 Heap Min Capacity: 100M
 Heap Initial Capacity: 100M
 Heap Max Capacity: 1G
 Pre-touch: Disabled
 Parallel Workers: 10
Heap:
 PSYoungGen      total 9216K, used 8880K [0x00000000eab00000, 0x00000000eb980000, 0x0000000100000000)
  eden space 4608K, 100% used [0x00000000eab00000,0x00000000eaf80000,0x00000000eaf80000)
  from space 4608K, 92% used [0x00000000eaf80000,0x00000000eb3ac000,0x00000000eb400000)
  to   space 4608K, 0% used [0x00000000eb500000,0x00000000eb500000,0x00000000eb980000)
 ParOldGen       total 698368K, used 698203K [0x00000000c0000000, 0x00000000eaa00000, 0x00000000eab00000)
  object space 698368K, 99% used [0x00000000c0000000,0x00000000ea9d6dc8,0x00000000eaa00000)
 Metaspace       used 77515K, committed 78976K, reserved 1179648K
  class space    used 7471K, committed 8128K, reserved 1048576K
GC Heap History (20 events):
Event: 6515.864 GC heap after
{Heap after GC invocations=1512 (full 6):
 PSYoungGen      total 11264K, used 512K [0x00000000eab00000, 0x00000000eb880000, 0x0000000100000000)
  eden space 10752K, 0% used [0x00000000eab00000,0x00000000eab00000,0x00000000eb580000)
  from space 512K, 100% used [0x00000000eb700000,0x00000000eb780000,0x00000000eb780000)
  to   space 1536K, 0% used [0x00000000eb580000,0x00000000eb580000,0x00000000eb700000)
 ParOldGen       total 674304K, used 674109K [0x00000000c0000000, 0x00000000e9280000, 0x00000000eab00000)
  object space 674304K, 99% used [0x00000000c0000000,0x00000000e924f670,0x00000000e9280000)
 Metaspace       used 77247K, committed 78656K, reserved 1179648K
  class space    used 7449K, committed 8064K, reserved 1048576K
}
Event: 6515.912 GC heap before
{Heap before GC invocations=1513 (full 6):
 PSYoungGen      total 11264K, used 11059K [0x00000000eab00000, 0x00000000eb880000, 0x0000000100000000)
  eden space 10752K, 98% used [0x00000000eab00000,0x00000000eb54cf70,0x00000000eb580000)
  from space 512K, 100% used [0x00000000eb700000,0x00000000eb780000,0x00000000eb780000)
  to   space 1536K, 0% used [0x00000000eb580000,0x00000000eb580000,0x00000000eb700000)
 ParOldGen       total 674304K, used 674109K [0x00000000c0000000, 0x00000000e9280000, 0x00000000eab00000)
  object space 674304K, 99% used [0x00000000c0000000,0x00000000e924f670,0x00000000e9280000)
 Metaspace       used 77511K, committed 78976K, reserved 1179648K
  class space    used 7471K, committed 8128K, reserved 1048576K
}
Event: 6515.916 GC heap after
{Heap after GC invocations=1513 (full 6):
 PSYoungGen      total 12288K, used 1455K [0x00000000eab00000, 0x00000000eb980000, 0x0000000100000000)
  eden space 10752K, 0% used [0x00000000eab00000,0x00000000eab00000,0x00000000eb580000)
  from space 1536K, 94% used [0x00000000eb580000,0x00000000eb6ebe18,0x00000000eb700000)
  to   space 2048K, 0% used [0x00000000eb780000,0x00000000eb780000,0x00000000eb980000)
 ParOldGen       total 675328K, used 675290K [0x00000000c0000000, 0x00000000e9380000, 0x00000000eab00000)
  object space 675328K, 99% used [0x00000000c0000000,0x00000000e9376b80,0x00000000e9380000)
 Metaspace       used 77511K, committed 78976K, reserved 1179648K
  class space    used 7471K, committed 8128K, reserved 1048576K
}
Event: 6515.934 GC heap before
{Heap before GC invocations=1514 (full 6):
 PSYoungGen      total 12288K, used 12207K [0x00000000eab00000, 0x00000000eb980000, 0x0000000100000000)
  eden space 10752K, 100% used [0x00000000eab00000,0x00000000eb580000,0x00000000eb580000)
  from space 1536K, 94% used [0x00000000eb580000,0x00000000eb6ebe18,0x00000000eb700000)
  to   space 2048K, 0% used [0x00000000eb780000,0x00000000eb780000,0x00000000eb980000)
 ParOldGen       total 675328K, used 675290K [0x00000000c0000000, 0x00000000e9380000, 0x00000000eab00000)
  object space 675328K, 99% used [0x00000000c0000000,0x00000000e9376b80,0x00000000e9380000)
 Metaspace       used 77511K, committed 78976K, reserved 1179648K
  class space    used 7471K, committed 8128K, reserved 1048576K
}
Event: 6515.944 GC heap after
{Heap after GC invocations=1514 (full 6):
 PSYoungGen      total 3584K, used 2026K [0x00000000eab00000, 0x00000000ecb80000, 0x0000000100000000)
  eden space 1536K, 0% used [0x00000000eab00000,0x00000000eab00000,0x00000000eac80000)
  from space 2048K, 98% used [0x00000000eb780000,0x00000000eb97a9f8,0x00000000eb980000)
  to   space 11264K, 0% used [0x00000000eac80000,0x00000000eac80000,0x00000000eb780000)
 ParOldGen       total 683008K, used 683000K [0x00000000c0000000, 0x00000000e9b00000, 0x00000000eab00000)
  object space 683008K, 99% used [0x00000000c0000000,0x00000000e9afe0c0,0x00000000e9b00000)
 Metaspace       used 77511K, committed 78976K, reserved 1179648K
  class space    used 7471K, committed 8128K, reserved 1048576K
}
Event: 6515.948 GC heap before
{Heap before GC invocations=1515 (full 6):
 PSYoungGen      total 3584K, used 3562K [0x00000000eab00000, 0x00000000ecb80000, 0x0000000100000000)
  eden space 1536K, 100% used [0x00000000eab00000,0x00000000eac80000,0x00000000eac80000)
  from space 2048K, 98% used [0x00000000eb780000,0x00000000eb97a9f8,0x00000000eb980000)
  to   space 11264K, 0% used [0x00000000eac80000,0x00000000eac80000,0x00000000eb780000)
 ParOldGen       total 683008K, used 683000K [0x00000000c0000000, 0x00000000e9b00000, 0x00000000eab00000)
  object space 683008K, 99% used [0x00000000c0000000,0x00000000e9afe0c0,0x00000000e9b00000)
 Metaspace       used 77511K, committed 78976K, reserved 1179648K
  class space    used 7471K, committed 8128K, reserved 1048576K
}
Event: 6515.954 GC heap after
{Heap after GC invocations=1515 (full 6):
 PSYoungGen      total 3072K, used 1312K [0x00000000eab00000, 0x00000000eb800000, 0x0000000100000000)
  eden space 1536K, 0% used [0x00000000eab00000,0x00000000eab00000,0x00000000eac80000)
  from space 1536K, 85% used [0x00000000eac80000,0x00000000eadc8000,0x00000000eae00000)
  to   space 4608K, 0% used [0x00000000eb380000,0x00000000eb380000,0x00000000eb800000)
 ParOldGen       total 685568K, used 685066K [0x00000000c0000000, 0x00000000e9d80000, 0x00000000eab00000)
  object space 685568K, 99% used [0x00000000c0000000,0x00000000e9d02ab8,0x00000000e9d80000)
 Metaspace       used 77511K, committed 78976K, reserved 1179648K
  class space    used 7471K, committed 8128K, reserved 1048576K
}
Event: 6515.959 GC heap before
{Heap before GC invocations=1516 (full 6):
 PSYoungGen      total 3072K, used 2848K [0x00000000eab00000, 0x00000000eb800000, 0x0000000100000000)
  eden space 1536K, 100% used [0x00000000eab00000,0x00000000eac80000,0x00000000eac80000)
  from space 1536K, 85% used [0x00000000eac80000,0x00000000eadc8000,0x00000000eae00000)
  to   space 4608K, 0% used [0x00000000eb380000,0x00000000eb380000,0x00000000eb800000)
 ParOldGen       total 685568K, used 685066K [0x00000000c0000000, 0x00000000e9d80000, 0x00000000eab00000)
  object space 685568K, 99% used [0x00000000c0000000,0x00000000e9d02ab8,0x00000000e9d80000)
 Metaspace       used 77511K, committed 78976K, reserved 1179648K
  class space    used 7471K, committed 8128K, reserved 1048576K
}
Event: 6515.963 GC heap after
{Heap after GC invocations=1516 (full 6):
 PSYoungGen      total 4096K, used 1632K [0x00000000eab00000, 0x00000000eb580000, 0x0000000100000000)
  eden space 2048K, 0% used [0x00000000eab00000,0x00000000eab00000,0x00000000ead00000)
  from space 2048K, 79% used [0x00000000eb380000,0x00000000eb518000,0x00000000eb580000)
  to   space 2048K, 0% used [0x00000000eb180000,0x00000000eb180000,0x00000000eb380000)
 ParOldGen       total 686592K, used 686266K [0x00000000c0000000, 0x00000000e9e80000, 0x00000000eab00000)
  object space 686592K, 99% used [0x00000000c0000000,0x00000000e9e2eab8,0x00000000e9e80000)
 Metaspace       used 77511K, committed 78976K, reserved 1179648K
  class space    used 7471K, committed 8128K, reserved 1048576K
}
Event: 6515.971 GC heap before
{Heap before GC invocations=1517 (full 6):
 PSYoungGen      total 4096K, used 3677K [0x00000000eab00000, 0x00000000eb580000, 0x0000000100000000)
  eden space 2048K, 99% used [0x00000000eab00000,0x00000000eacff408,0x00000000ead00000)
  from space 2048K, 79% used [0x00000000eb380000,0x00000000eb518000,0x00000000eb580000)
  to   space 2048K, 0% used [0x00000000eb180000,0x00000000eb180000,0x00000000eb380000)
 ParOldGen       total 686592K, used 686266K [0x00000000c0000000, 0x00000000e9e80000, 0x00000000eab00000)
  object space 686592K, 99% used [0x00000000c0000000,0x00000000e9e2eab8,0x00000000e9e80000)
 Metaspace       used 77511K, committed 78976K, reserved 1179648K
  class space    used 7471K, committed 8128K, reserved 1048576K
}
Event: 6515.975 GC heap after
{Heap after GC invocations=1517 (full 6):
 PSYoungGen      total 4608K, used 2048K [0x00000000eab00000, 0x00000000eb580000, 0x0000000100000000)
  eden space 2560K, 0% used [0x00000000eab00000,0x00000000eab00000,0x00000000ead80000)
  from space 2048K, 100% used [0x00000000eb180000,0x00000000eb380000,0x00000000eb380000)
  to   space 2048K, 0% used [0x00000000eb380000,0x00000000eb380000,0x00000000eb580000)
 ParOldGen       total 688128K, used 687818K [0x00000000c0000000, 0x00000000ea000000, 0x00000000eab00000)
  object space 688128K, 99% used [0x00000000c0000000,0x00000000e9fb2ab8,0x00000000ea000000)
 Metaspace       used 77511K, committed 78976K, reserved 1179648K
  class space    used 7471K, committed 8128K, reserved 1048576K
}
Event: 6516.004 GC heap before
{Heap before GC invocations=1518 (full 6):
 PSYoungGen      total 4608K, used 4608K [0x00000000eab00000, 0x00000000eb580000, 0x0000000100000000)
  eden space 2560K, 100% used [0x00000000eab00000,0x00000000ead80000,0x00000000ead80000)
  from space 2048K, 100% used [0x00000000eb180000,0x00000000eb380000,0x00000000eb380000)
  to   space 2048K, 0% used [0x00000000eb380000,0x00000000eb380000,0x00000000eb580000)
 ParOldGen       total 688128K, used 687818K [0x00000000c0000000, 0x00000000ea000000, 0x00000000eab00000)
  object space 688128K, 99% used [0x00000000c0000000,0x00000000e9fb2ab8,0x00000000ea000000)
 Metaspace       used 77511K, committed 78976K, reserved 1179648K
  class space    used 7471K, committed 8128K, reserved 1048576K
}
Event: 6516.010 GC heap after
{Heap after GC invocations=1518 (full 6):
 PSYoungGen      total 5120K, used 2022K [0x00000000eab00000, 0x00000000eb580000, 0x0000000100000000)
  eden space 3072K, 0% used [0x00000000eab00000,0x00000000eab00000,0x00000000eae00000)
  from space 2048K, 98% used [0x00000000eb380000,0x00000000eb579800,0x00000000eb580000)
  to   space 3072K, 0% used [0x00000000eaf80000,0x00000000eaf80000,0x00000000eb280000)
 ParOldGen       total 690176K, used 689794K [0x00000000c0000000, 0x00000000ea200000, 0x00000000eab00000)
  object space 690176K, 99% used [0x00000000c0000000,0x00000000ea1a0ab8,0x00000000ea200000)
 Metaspace       used 77511K, committed 78976K, reserved 1179648K
  class space    used 7471K, committed 8128K, reserved 1048576K
}
Event: 6516.074 GC heap before
{Heap before GC invocations=1519 (full 6):
 PSYoungGen      total 5120K, used 5094K [0x00000000eab00000, 0x00000000eb580000, 0x0000000100000000)
  eden space 3072K, 100% used [0x00000000eab00000,0x00000000eae00000,0x00000000eae00000)
  from space 2048K, 98% used [0x00000000eb380000,0x00000000eb579800,0x00000000eb580000)
  to   space 3072K, 0% used [0x00000000eaf80000,0x00000000eaf80000,0x00000000eb280000)
 ParOldGen       total 690176K, used 689794K [0x00000000c0000000, 0x00000000ea200000, 0x00000000eab00000)
  object space 690176K, 99% used [0x00000000c0000000,0x00000000ea1a0ab8,0x00000000ea200000)
 Metaspace       used 77511K, committed 78976K, reserved 1179648K
  class space    used 7471K, committed 8128K, reserved 1048576K
}
Event: 6516.081 GC heap after
{Heap after GC invocations=1519 (full 6):
 PSYoungGen      total 7168K, used 3048K [0x00000000eab00000, 0x00000000eb900000, 0x0000000100000000)
  eden space 4096K, 0% used [0x00000000eab00000,0x00000000eab00000,0x00000000eaf00000)
  from space 3072K, 99% used [0x00000000eaf80000,0x00000000eb27a310,0x00000000eb280000)
  to   space 5120K, 0% used [0x00000000eb400000,0x00000000eb400000,0x00000000eb900000)
 ParOldGen       total 691200K, used 690986K [0x00000000c0000000, 0x00000000ea300000, 0x00000000eab00000)
  object space 691200K, 99% used [0x00000000c0000000,0x00000000ea2caab8,0x00000000ea300000)
 Metaspace       used 77511K, committed 78976K, reserved 1179648K
  class space    used 7471K, committed 8128K, reserved 1048576K
}
Event: 6516.089 GC heap before
{Heap before GC invocations=1520 (full 6):
 PSYoungGen      total 7168K, used 7144K [0x00000000eab00000, 0x00000000eb900000, 0x0000000100000000)
  eden space 4096K, 100% used [0x00000000eab00000,0x00000000eaf00000,0x00000000eaf00000)
  from space 3072K, 99% used [0x00000000eaf80000,0x00000000eb27a310,0x00000000eb280000)
  to   space 5120K, 0% used [0x00000000eb400000,0x00000000eb400000,0x00000000eb900000)
 ParOldGen       total 691200K, used 690986K [0x00000000c0000000, 0x00000000ea300000, 0x00000000eab00000)
  object space 691200K, 99% used [0x00000000c0000000,0x00000000ea2caab8,0x00000000ea300000)
 Metaspace       used 77511K, committed 78976K, reserved 1179648K
  class space    used 7471K, committed 8128K, reserved 1048576K
}
Event: 6516.097 GC heap after
{Heap after GC invocations=1520 (full 6):
 PSYoungGen      total 9728K, used 4320K [0x00000000eab00000, 0x00000000eb900000, 0x0000000100000000)
  eden space 4608K, 0% used [0x00000000eab00000,0x00000000eab00000,0x00000000eaf80000)
  from space 5120K, 84% used [0x00000000eb400000,0x00000000eb838000,0x00000000eb900000)
  to   space 4608K, 0% used [0x00000000eaf80000,0x00000000eaf80000,0x00000000eb400000)
 ParOldGen       total 694272K, used 694051K [0x00000000c0000000, 0x00000000ea600000, 0x00000000eab00000)
  object space 694272K, 99% used [0x00000000c0000000,0x00000000ea5c8dc8,0x00000000ea600000)
 Metaspace       used 77511K, committed 78976K, reserved 1179648K
  class space    used 7471K, committed 8128K, reserved 1048576K
}
Event: 6516.114 GC heap before
{Heap before GC invocations=1521 (full 6):
 PSYoungGen      total 9728K, used 8767K [0x00000000eab00000, 0x00000000eb900000, 0x0000000100000000)
  eden space 4608K, 96% used [0x00000000eab00000,0x00000000eaf57d28,0x00000000eaf80000)
  from space 5120K, 84% used [0x00000000eb400000,0x00000000eb838000,0x00000000eb900000)
  to   space 4608K, 0% used [0x00000000eaf80000,0x00000000eaf80000,0x00000000eb400000)
 ParOldGen       total 694272K, used 694051K [0x00000000c0000000, 0x00000000ea600000, 0x00000000eab00000)
  object space 694272K, 99% used [0x00000000c0000000,0x00000000ea5c8dc8,0x00000000ea600000)
 Metaspace       used 77511K, committed 78976K, reserved 1179648K
  class space    used 7471K, committed 8128K, reserved 1048576K
}
Event: 6516.120 GC heap after
{Heap after GC invocations=1521 (full 6):
 PSYoungGen      total 9216K, used 4272K [0x00000000eab00000, 0x00000000eb980000, 0x0000000100000000)
  eden space 4608K, 0% used [0x00000000eab00000,0x00000000eab00000,0x00000000eaf80000)
  from space 4608K, 92% used [0x00000000eaf80000,0x00000000eb3ac000,0x00000000eb400000)
  to   space 4608K, 0% used [0x00000000eb500000,0x00000000eb500000,0x00000000eb980000)
 ParOldGen       total 698368K, used 698203K [0x00000000c0000000, 0x00000000eaa00000, 0x00000000eab00000)
  object space 698368K, 99% used [0x00000000c0000000,0x00000000ea9d6dc8,0x00000000eaa00000)
 Metaspace       used 77511K, committed 78976K, reserved 1179648K
  class space    used 7471K, committed 8128K, reserved 1048576K
}
Event: 6516.187 GC heap before
{Heap before GC invocations=1522 (full 7):
 PSYoungGen      total 9216K, used 8880K [0x00000000eab00000, 0x00000000eb980000, 0x0000000100000000)
  eden space 4608K, 100% used [0x00000000eab00000,0x00000000eaf80000,0x00000000eaf80000)
  from space 4608K, 92% used [0x00000000eaf80000,0x00000000eb3ac000,0x00000000eb400000)
  to   space 4608K, 0% used [0x00000000eb500000,0x00000000eb500000,0x00000000eb980000)
 ParOldGen       total 698368K, used 698203K [0x00000000c0000000, 0x00000000eaa00000, 0x00000000eab00000)
  object space 698368K, 99% used [0x00000000c0000000,0x00000000ea9d6dc8,0x00000000eaa00000)
 Metaspace       used 77515K, committed 78976K, reserved 1179648K
  class space    used 7471K, committed 8128K, reserved 1048576K
}

